<?xml version="1.0" encoding="UTF-8"?>
<testsuite errors="0" failures="1" hostname="caro.local" name="HelloSpock" tests="1" time="0.75" timestamp="2013-11-18T00:01:55">
  <properties />
  <testcase classname="HelloSpock" name="length of Spock&apos;s and his friends&apos; names" time="0.332">
    <failure message="Condition not satisfied:&#xa;&#xa;name.size() == length&#xa;|    |      |  |&#xa;|    5      |  7&#xa;Spock       false&#xa;" type="org.spockframework.runtime.SpockComparisonFailure">Condition not satisfied:

name.size() == length
|    |      |  |
|    5      |  7
Spock       false

	at HelloSpock.length of Spock&apos;s and his friends&apos; names(test.groovy:6)
</failure>
  </testcase>
  <system-out><![CDATA[]]></system-out>
  <system-err><![CDATA[]]></system-err>
</testsuite>
